manifest-merger-release-report.txt
-- Merging decision tree log ---
manifest
ADDED from AndroidManifest.xml:2:1
	xmlns:android
		ADDED from AndroidManifest.xml:3:5
	package
		ADDED from AndroidManifest.xml:5:33
	android:versionName
		ADDED from AndroidManifest.xml:5:5
	android:versionCode
		ADDED from AndroidManifest.xml:4:5
		INJECTED from AndroidManifest.xml:0:0
		INJECTED from AndroidManifest.xml:0:0
uses-sdk
ADDED from AndroidManifest.xml:7:5
MERGED from k-9-5.0-MAINT.plugins.Android-PullToRefresh:library:unspecified:7:5
MERGED from k-9-5.0-MAINT.plugins.ckChangeLog:library:unspecified:7:5
MERGED from k-9-5.0-MAINT.plugins:HoloColorPicker:unspecified:7:5
MERGED from k-9-5.0-MAINT.plugins:openpgp-api-library:unspecified:7:5
	android:targetSdkVersion
		ADDED from AndroidManifest.xml:9:8
	android:minSdkVersion
		ADDED from AndroidManifest.xml:8:8
supports-screens
ADDED from AndroidManifest.xml:11:5
	android:largeScreens
		ADDED from AndroidManifest.xml:12:9
	android:anyDensity
		ADDED from AndroidManifest.xml:15:9
	android:normalScreens
		ADDED from AndroidManifest.xml:13:9
	android:smallScreens
		ADDED from AndroidManifest.xml:14:9
uses-permission#android.permission.RECEIVE_BOOT_COMPLETED
ADDED from AndroidManifest.xml:17:5
	android:name
		ADDED from AndroidManifest.xml:17:22
uses-permission#android.permission.READ_CONTACTS
ADDED from AndroidManifest.xml:18:5
	android:name
		ADDED from AndroidManifest.xml:18:22
uses-permission#android.permission.READ_SYNC_SETTINGS
ADDED from AndroidManifest.xml:19:5
	android:name
		ADDED from AndroidManifest.xml:19:22
uses-permission#android.permission.WRITE_CONTACTS
ADDED from AndroidManifest.xml:22:5
	android:name
		ADDED from AndroidManifest.xml:22:22
uses-permission#android.permission.ACCESS_NETWORK_STATE
ADDED from AndroidManifest.xml:24:5
	android:name
		ADDED from AndroidManifest.xml:24:22
uses-permission#android.permission.INTERNET
ADDED from AndroidManifest.xml:25:5
	android:name
		ADDED from AndroidManifest.xml:25:22
uses-permission#android.permission.VIBRATE
ADDED from AndroidManifest.xml:26:5
	android:name
		ADDED from AndroidManifest.xml:26:22
uses-permission#android.permission.WAKE_LOCK
ADDED from AndroidManifest.xml:27:5
	android:name
		ADDED from AndroidManifest.xml:27:22
uses-permission#android.permission.WRITE_EXTERNAL_STORAGE
ADDED from AndroidManifest.xml:28:5
	android:name
		ADDED from AndroidManifest.xml:28:22
uses-permission#org.thialfihar.android.apg.permission.READ_KEY_DETAILS
ADDED from AndroidManifest.xml:30:5
	android:name
		ADDED from AndroidManifest.xml:30:22
permission#com.fsck.k9.permission.READ_ATTACHMENT
ADDED from AndroidManifest.xml:32:5
	android:label
		ADDED from AndroidManifest.xml:35:17
	android:protectionLevel
		ADDED from AndroidManifest.xml:34:17
	android:description
		ADDED from AndroidManifest.xml:36:17
	android:permissionGroup
		ADDED from AndroidManifest.xml:33:17
	android:name
		ADDED from AndroidManifest.xml:32:17
uses-permission#com.fsck.k9.permission.READ_ATTACHMENT
ADDED from AndroidManifest.xml:37:5
	android:name
		ADDED from AndroidManifest.xml:37:22
permission#com.fsck.k9.permission.REMOTE_CONTROL
ADDED from AndroidManifest.xml:38:5
	android:label
		ADDED from AndroidManifest.xml:41:18
	android:protectionLevel
		ADDED from AndroidManifest.xml:40:18
	android:description
		ADDED from AndroidManifest.xml:42:18
	android:permissionGroup
		ADDED from AndroidManifest.xml:39:18
	android:name
		ADDED from AndroidManifest.xml:38:17
uses-permission#com.fsck.k9.permission.REMOTE_CONTROL
ADDED from AndroidManifest.xml:43:5
	android:name
		ADDED from AndroidManifest.xml:43:22
permission#com.fsck.k9.permission.READ_MESSAGES
ADDED from AndroidManifest.xml:44:5
	android:label
		ADDED from AndroidManifest.xml:47:17
	android:protectionLevel
		ADDED from AndroidManifest.xml:46:17
	android:description
		ADDED from AndroidManifest.xml:48:17
	android:permissionGroup
		ADDED from AndroidManifest.xml:45:17
	android:name
		ADDED from AndroidManifest.xml:44:17
uses-permission#com.fsck.k9.permission.READ_MESSAGES
ADDED from AndroidManifest.xml:49:5
	android:name
		ADDED from AndroidManifest.xml:49:22
permission#com.fsck.k9.permission.DELETE_MESSAGES
ADDED from AndroidManifest.xml:50:5
	android:label
		ADDED from AndroidManifest.xml:53:17
	android:protectionLevel
		ADDED from AndroidManifest.xml:52:17
	android:description
		ADDED from AndroidManifest.xml:54:17
	android:permissionGroup
		ADDED from AndroidManifest.xml:51:17
	android:name
		ADDED from AndroidManifest.xml:50:17
uses-permission#com.fsck.k9.permission.DELETE_MESSAGES
ADDED from AndroidManifest.xml:55:5
	android:name
		ADDED from AndroidManifest.xml:55:22
uses-feature#android.hardware.touchscreen
ADDED from AndroidManifest.xml:56:5
	android:required
		ADDED from AndroidManifest.xml:56:63
	android:name
		ADDED from AndroidManifest.xml:56:19
application
ADDED from AndroidManifest.xml:57:5
MERGED from k-9-5.0-MAINT.plugins.Android-PullToRefresh:library:unspecified:9:5
MERGED from k-9-5.0-MAINT.plugins.ckChangeLog:library:unspecified:11:5
MERGED from k-9-5.0-MAINT.plugins:openpgp-api-library:unspecified:11:5
	android:label
		ADDED from AndroidManifest.xml:59:9
	android:icon
		ADDED from AndroidManifest.xml:58:9
	android:theme
		ADDED from AndroidManifest.xml:62:9
	android:allowTaskReparenting
		ADDED from AndroidManifest.xml:61:9
	android:name
		ADDED from AndroidManifest.xml:60:9
meta-data#android.app.default_searchable
ADDED from AndroidManifest.xml:64:9
	android:name
		ADDED from AndroidManifest.xml:64:20
	android:value
		ADDED from AndroidManifest.xml:65:20
activity#com.fsck.k9.activity.Accounts
ADDED from AndroidManifest.xml:67:9
	android:label
		ADDED from AndroidManifest.xml:72:13
	android:uiOptions
		ADDED from AndroidManifest.xml:71:13
	android:configChanges
		ADDED from AndroidManifest.xml:69:13
	android:name
		ADDED from AndroidManifest.xml:68:13
	android:launchMode
		ADDED from AndroidManifest.xml:70:13
intent-filter#android.intent.action.MAIN+android.intent.category.DEFAULT+android.intent.category.LAUNCHER
ADDED from AndroidManifest.xml:73:13
action#android.intent.action.MAIN
ADDED from AndroidManifest.xml:74:17
	android:name
		ADDED from AndroidManifest.xml:74:25
category#android.intent.category.DEFAULT
ADDED from AndroidManifest.xml:75:17
	android:name
		ADDED from AndroidManifest.xml:75:27
category#android.intent.category.LAUNCHER
ADDED from AndroidManifest.xml:76:17
	android:name
		ADDED from AndroidManifest.xml:76:27
intent-filter#android.intent.action.VIEW+android.intent.category.BROWSABLE+android.intent.category.DEFAULT
ADDED from AndroidManifest.xml:78:13
action#android.intent.action.VIEW
ADDED from AndroidManifest.xml:79:17
	android:name
		ADDED from AndroidManifest.xml:79:25
data
ADDED from AndroidManifest.xml:80:17
	android:mimeType
		ADDED from AndroidManifest.xml:80:23
category#android.intent.category.BROWSABLE
ADDED from AndroidManifest.xml:82:17
	android:name
		ADDED from AndroidManifest.xml:82:27
activity#com.fsck.k9.activity.setup.Prefs
ADDED from AndroidManifest.xml:86:9
	android:label
		ADDED from AndroidManifest.xml:88:13
	android:configChanges
		ADDED from AndroidManifest.xml:89:13
	android:excludeFromRecents
		ADDED from AndroidManifest.xml:91:13
	android:taskAffinity
		ADDED from AndroidManifest.xml:90:13
	android:name
		ADDED from AndroidManifest.xml:87:13
activity#com.fsck.k9.activity.setup.WelcomeMessage
ADDED from AndroidManifest.xml:94:9
	android:label
		ADDED from AndroidManifest.xml:96:13
	android:configChanges
		ADDED from AndroidManifest.xml:97:13
	android:name
		ADDED from AndroidManifest.xml:95:13
activity#com.fsck.k9.activity.setup.FontSizeSettings
ADDED from AndroidManifest.xml:100:9
	android:label
		ADDED from AndroidManifest.xml:102:13
	android:configChanges
		ADDED from AndroidManifest.xml:103:13
	android:name
		ADDED from AndroidManifest.xml:101:13
activity#com.fsck.k9.activity.setup.AccountSetupBasics
ADDED from AndroidManifest.xml:106:9
	android:label
		ADDED from AndroidManifest.xml:108:13
	android:configChanges
		ADDED from AndroidManifest.xml:109:13
	android:name
		ADDED from AndroidManifest.xml:107:13
activity#com.fsck.k9.activity.setup.AccountSetupAccountType
ADDED from AndroidManifest.xml:112:9
	android:label
		ADDED from AndroidManifest.xml:114:13
	android:configChanges
		ADDED from AndroidManifest.xml:115:13
	android:name
		ADDED from AndroidManifest.xml:113:13
activity#com.fsck.k9.activity.setup.AccountSetupIncoming
ADDED from AndroidManifest.xml:118:9
	android:label
		ADDED from AndroidManifest.xml:120:13
	android:configChanges
		ADDED from AndroidManifest.xml:121:13
	android:name
		ADDED from AndroidManifest.xml:119:13
activity#com.fsck.k9.activity.setup.AccountSetupComposition
ADDED from AndroidManifest.xml:124:9
	android:label
		ADDED from AndroidManifest.xml:126:13
	android:configChanges
		ADDED from AndroidManifest.xml:127:13
	android:name
		ADDED from AndroidManifest.xml:125:13
activity#com.fsck.k9.activity.setup.AccountSetupOutgoing
ADDED from AndroidManifest.xml:130:9
	android:label
		ADDED from AndroidManifest.xml:132:13
	android:configChanges
		ADDED from AndroidManifest.xml:133:13
	android:name
		ADDED from AndroidManifest.xml:131:13
activity#com.fsck.k9.activity.setup.AccountSetupOptions
ADDED from AndroidManifest.xml:136:9
	android:label
		ADDED from AndroidManifest.xml:138:13
	android:configChanges
		ADDED from AndroidManifest.xml:139:13
	android:name
		ADDED from AndroidManifest.xml:137:13
activity#com.fsck.k9.activity.setup.AccountSetupNames
ADDED from AndroidManifest.xml:142:9
	android:label
		ADDED from AndroidManifest.xml:144:13
	android:configChanges
		ADDED from AndroidManifest.xml:145:13
	android:name
		ADDED from AndroidManifest.xml:143:13
activity#com.fsck.k9.activity.ChooseFolder
ADDED from AndroidManifest.xml:148:9
	android:noHistory
		ADDED from AndroidManifest.xml:153:13
	android:label
		ADDED from AndroidManifest.xml:151:13
	android:configChanges
		ADDED from AndroidManifest.xml:152:13
	android:theme
		ADDED from AndroidManifest.xml:150:13
	android:name
		ADDED from AndroidManifest.xml:149:13
activity#com.fsck.k9.activity.ChooseIdentity
ADDED from AndroidManifest.xml:156:9
	android:label
		ADDED from AndroidManifest.xml:159:13
	android:configChanges
		ADDED from AndroidManifest.xml:160:13
	android:theme
		ADDED from AndroidManifest.xml:158:13
	android:name
		ADDED from AndroidManifest.xml:157:13
activity#com.fsck.k9.activity.ManageIdentities
ADDED from AndroidManifest.xml:163:9
	android:label
		ADDED from AndroidManifest.xml:165:13
	android:configChanges
		ADDED from AndroidManifest.xml:166:13
	android:name
		ADDED from AndroidManifest.xml:164:13
activity#com.fsck.k9.activity.EditIdentity
ADDED from AndroidManifest.xml:169:9
	android:label
		ADDED from AndroidManifest.xml:171:13
	android:configChanges
		ADDED from AndroidManifest.xml:172:13
	android:name
		ADDED from AndroidManifest.xml:170:13
activity#com.fsck.k9.activity.NotificationDeleteConfirmation
ADDED from AndroidManifest.xml:175:9
	android:theme
		ADDED from AndroidManifest.xml:177:13
	android:excludeFromRecents
		ADDED from AndroidManifest.xml:180:13
	android:taskAffinity
		ADDED from AndroidManifest.xml:179:13
	android:name
		ADDED from AndroidManifest.xml:176:13
	android:launchMode
		ADDED from AndroidManifest.xml:178:13
activity#com.fsck.k9.activity.setup.AccountSetupCheckSettings
ADDED from AndroidManifest.xml:185:9
	android:label
		ADDED from AndroidManifest.xml:187:13
	android:configChanges
		ADDED from AndroidManifest.xml:188:13
	android:name
		ADDED from AndroidManifest.xml:186:13
activity#com.fsck.k9.activity.setup.AccountSettings
ADDED from AndroidManifest.xml:191:9
	android:label
		ADDED from AndroidManifest.xml:193:13
	android:configChanges
		ADDED from AndroidManifest.xml:194:13
	android:name
		ADDED from AndroidManifest.xml:192:13
activity#com.fsck.k9.activity.setup.FolderSettings
ADDED from AndroidManifest.xml:198:9
	android:label
		ADDED from AndroidManifest.xml:201:13
	android:configChanges
		ADDED from AndroidManifest.xml:202:13
	android:theme
		ADDED from AndroidManifest.xml:200:13
	android:name
		ADDED from AndroidManifest.xml:199:13
activity#com.fsck.k9.activity.FolderList
ADDED from AndroidManifest.xml:205:9
	android:uiOptions
		ADDED from AndroidManifest.xml:208:13
	android:configChanges
		ADDED from AndroidManifest.xml:207:13
	android:name
		ADDED from AndroidManifest.xml:206:13
intent-filter#android.intent.action.MAIN
ADDED from AndroidManifest.xml:210:13
activity#com.fsck.k9.activity.MessageList
ADDED from AndroidManifest.xml:215:9
	android:uiOptions
		ADDED from AndroidManifest.xml:219:13
	android:configChanges
		ADDED from AndroidManifest.xml:217:13
	android:name
		ADDED from AndroidManifest.xml:216:13
	android:launchMode
		ADDED from AndroidManifest.xml:218:13
intent-filter#android.intent.action.VIEW+android.intent.category.DEFAULT
ADDED from AndroidManifest.xml:225:13
activity#com.fsck.k9.activity.MessageCompose
ADDED from AndroidManifest.xml:234:9
	android:label
		ADDED from AndroidManifest.xml:236:13
	android:configChanges
		ADDED from AndroidManifest.xml:238:13
	android:enabled
		ADDED from AndroidManifest.xml:237:13
	android:name
		ADDED from AndroidManifest.xml:235:13
intent-filter#android.intent.action.SENDTO+android.intent.category.DEFAULT
ADDED from AndroidManifest.xml:240:13
action#android.intent.action.SENDTO
ADDED from AndroidManifest.xml:241:17
	android:name
		ADDED from AndroidManifest.xml:241:25
intent-filter#android.intent.action.SEND+android.intent.category.DEFAULT
ADDED from AndroidManifest.xml:245:13
action#android.intent.action.SEND
ADDED from AndroidManifest.xml:246:17
	android:name
		ADDED from AndroidManifest.xml:246:25
intent-filter#android.intent.action.SEND_MULTIPLE+android.intent.category.DEFAULT
ADDED from AndroidManifest.xml:250:13
action#android.intent.action.SEND_MULTIPLE
ADDED from AndroidManifest.xml:251:17
	android:name
		ADDED from AndroidManifest.xml:251:25
activity#com.fsck.k9.activity.Search
ADDED from AndroidManifest.xml:263:9
	android:label
		ADDED from AndroidManifest.xml:264:19
	android:uiOptions
		ADDED from AndroidManifest.xml:266:19
	android:configChanges
		ADDED from AndroidManifest.xml:265:19
	android:name
		ADDED from AndroidManifest.xml:263:19
intent-filter#android.intent.action.SEARCH+android.intent.category.DEFAULT
ADDED from AndroidManifest.xml:268:13
action#android.intent.action.SEARCH
ADDED from AndroidManifest.xml:269:17
	android:name
		ADDED from AndroidManifest.xml:269:25
meta-data#android.app.searchable
ADDED from AndroidManifest.xml:272:13
	android:resource
		ADDED from AndroidManifest.xml:273:24
	android:name
		ADDED from AndroidManifest.xml:272:24
activity#com.fsck.k9.activity.LauncherShortcuts
ADDED from AndroidManifest.xml:275:9
	android:label
		ADDED from AndroidManifest.xml:277:13
	android:configChanges
		ADDED from AndroidManifest.xml:278:13
	android:name
		ADDED from AndroidManifest.xml:276:13
intent-filter#android.intent.action.CREATE_SHORTCUT+android.intent.category.DEFAULT
ADDED from AndroidManifest.xml:280:13
action#android.intent.action.CREATE_SHORTCUT
ADDED from AndroidManifest.xml:281:17
	android:name
		ADDED from AndroidManifest.xml:281:25
activity#com.fsck.k9.activity.AccessibleEmailContentActivity
ADDED from AndroidManifest.xml:285:9
	android:name
		ADDED from AndroidManifest.xml:286:9
activity#com.fsck.k9.spam_filter.Notepadv3
ADDED from AndroidManifest.xml:289:9
	android:name
		ADDED from AndroidManifest.xml:290:13
activity#com.fsck.k9.spam_filter.NoteEdit
ADDED from AndroidManifest.xml:292:9
	android:name
		ADDED from AndroidManifest.xml:293:13
activity#com.fsck.k9.activity.EmailAddressList
ADDED from AndroidManifest.xml:295:9
	android:configChanges
		ADDED from AndroidManifest.xml:296:13
	android:name
		ADDED from AndroidManifest.xml:295:19
receiver#com.fsck.k9.service.BootReceiver
ADDED from AndroidManifest.xml:299:9
	android:enabled
		ADDED from AndroidManifest.xml:300:15
	android:name
		ADDED from AndroidManifest.xml:299:19
intent-filter#android.intent.action.BOOT_COMPLETED
ADDED from AndroidManifest.xml:302:13
action#android.intent.action.BOOT_COMPLETED
ADDED from AndroidManifest.xml:303:17
	android:name
		ADDED from AndroidManifest.xml:303:25
intent-filter#android.intent.action.DEVICE_STORAGE_LOW
ADDED from AndroidManifest.xml:305:13
action#android.intent.action.DEVICE_STORAGE_LOW
ADDED from AndroidManifest.xml:306:17
	android:name
		ADDED from AndroidManifest.xml:306:25
intent-filter#android.intent.action.DEVICE_STORAGE_OK
ADDED from AndroidManifest.xml:308:13
action#android.intent.action.DEVICE_STORAGE_OK
ADDED from AndroidManifest.xml:309:17
	android:name
		ADDED from AndroidManifest.xml:309:25
intent-filter#android.net.conn.CONNECTIVITY_CHANGE
ADDED from AndroidManifest.xml:311:13
action#android.net.conn.CONNECTIVITY_CHANGE
ADDED from AndroidManifest.xml:312:17
	android:name
		ADDED from AndroidManifest.xml:312:25
intent-filter#android.net.conn.BACKGROUND_DATA_SETTING_CHANGED
ADDED from AndroidManifest.xml:314:13
action#android.net.conn.BACKGROUND_DATA_SETTING_CHANGED
ADDED from AndroidManifest.xml:315:17
	android:name
		ADDED from AndroidManifest.xml:315:25
intent-filter#com.android.sync.SYNC_CONN_STATUS_CHANGED
ADDED from AndroidManifest.xml:317:13
action#com.android.sync.SYNC_CONN_STATUS_CHANGED
ADDED from AndroidManifest.xml:318:17
	android:name
		ADDED from AndroidManifest.xml:318:25
intent-filter#com.fsck.k9.service.BroadcastReceiver.scheduleIntent
ADDED from AndroidManifest.xml:320:15
action#com.fsck.k9.service.BroadcastReceiver.scheduleIntent
ADDED from AndroidManifest.xml:321:17
	android:name
		ADDED from AndroidManifest.xml:321:25
receiver#com.fsck.k9.service.RemoteControlReceiver
ADDED from AndroidManifest.xml:324:9
	android:enabled
		ADDED from AndroidManifest.xml:325:16
	android:permission
		ADDED from AndroidManifest.xml:326:16
	android:name
		ADDED from AndroidManifest.xml:324:19
intent-filter#com.fsck.k9.K9RemoteControl.set
ADDED from AndroidManifest.xml:328:16
action#com.fsck.k9.K9RemoteControl.set
ADDED from AndroidManifest.xml:329:18
	android:name
		ADDED from AndroidManifest.xml:329:26
intent-filter#com.fsck.k9.K9RemoteControl.requestAccounts
ADDED from AndroidManifest.xml:332:14
action#com.fsck.k9.K9RemoteControl.requestAccounts
ADDED from AndroidManifest.xml:333:17
	android:name
		ADDED from AndroidManifest.xml:333:25
receiver#com.fsck.k9.service.CoreReceiver
ADDED from AndroidManifest.xml:337:9
	android:enabled
		ADDED from AndroidManifest.xml:338:15
	android:name
		ADDED from AndroidManifest.xml:337:19
intent-filter#com.fsck.k9.service.CoreReceiver.wakeLockRelease
ADDED from AndroidManifest.xml:340:15
action#com.fsck.k9.service.CoreReceiver.wakeLockRelease
ADDED from AndroidManifest.xml:341:17
	android:name
		ADDED from AndroidManifest.xml:341:25
receiver#com.fsck.k9.service.StorageReceiver
ADDED from AndroidManifest.xml:344:9
	android:enabled
		ADDED from AndroidManifest.xml:345:15
	android:name
		ADDED from AndroidManifest.xml:344:19
intent-filter#android.intent.action.MEDIA_MOUNTED
ADDED from AndroidManifest.xml:347:13
action#android.intent.action.MEDIA_MOUNTED
ADDED from AndroidManifest.xml:357:17
	android:name
		ADDED from AndroidManifest.xml:357:25
service#com.fsck.k9.service.MailService
ADDED from AndroidManifest.xml:367:9
	android:enabled
		ADDED from AndroidManifest.xml:369:13
	android:name
		ADDED from AndroidManifest.xml:368:13
service#com.fsck.k9.service.NotificationActionService
ADDED from AndroidManifest.xml:372:9
	android:enabled
		ADDED from AndroidManifest.xml:374:13
	android:name
		ADDED from AndroidManifest.xml:373:13
service#com.fsck.k9.service.PushService
ADDED from AndroidManifest.xml:377:9
	android:enabled
		ADDED from AndroidManifest.xml:379:14
	android:name
		ADDED from AndroidManifest.xml:378:14
service#com.fsck.k9.service.PollService
ADDED from AndroidManifest.xml:382:10
	android:enabled
		ADDED from AndroidManifest.xml:384:14
	android:name
		ADDED from AndroidManifest.xml:383:14
service#com.fsck.k9.service.RemoteControlService
ADDED from AndroidManifest.xml:387:10
	android:enabled
		ADDED from AndroidManifest.xml:389:15
	android:permission
		ADDED from AndroidManifest.xml:390:15
	android:name
		ADDED from AndroidManifest.xml:388:15
service#com.fsck.k9.service.SleepService
ADDED from AndroidManifest.xml:393:10
	android:enabled
		ADDED from AndroidManifest.xml:395:14
	android:name
		ADDED from AndroidManifest.xml:394:14
provider#com.fsck.k9.provider.AttachmentProvider
ADDED from AndroidManifest.xml:398:9
	android:grantUriPermissions
		ADDED from AndroidManifest.xml:402:13
	android:multiprocess
		ADDED from AndroidManifest.xml:401:13
	android:exported
		ADDED from AndroidManifest.xml:404:13
	android:authorities
		ADDED from AndroidManifest.xml:400:13
	android:readPermission
		ADDED from AndroidManifest.xml:403:13
	android:name
		ADDED from AndroidManifest.xml:399:13
provider#com.fsck.k9.provider.MessageProvider
ADDED from AndroidManifest.xml:406:9
	android:grantUriPermissions
		ADDED from AndroidManifest.xml:410:13
	android:multiprocess
		ADDED from AndroidManifest.xml:409:13
	android:exported
		ADDED from AndroidManifest.xml:413:13
	android:authorities
		ADDED from AndroidManifest.xml:408:13
	android:readPermission
		ADDED from AndroidManifest.xml:411:13
	android:name
		ADDED from AndroidManifest.xml:407:13
	android:writePermission
		ADDED from AndroidManifest.xml:412:13
provider#com.fsck.k9.provider.EmailProvider
ADDED from AndroidManifest.xml:415:9
	android:exported
		ADDED from AndroidManifest.xml:418:13
	android:authorities
		ADDED from AndroidManifest.xml:417:13
	android:name
		ADDED from AndroidManifest.xml:416:13
receiver#com.fsck.k9.provider.UnreadWidgetProvider
ADDED from AndroidManifest.xml:421:9
	android:label
		ADDED from AndroidManifest.xml:423:13
	android:icon
		ADDED from AndroidManifest.xml:424:13
	android:name
		ADDED from AndroidManifest.xml:422:13
intent-filter#android.appwidget.action.APPWIDGET_UPDATE
ADDED from AndroidManifest.xml:425:13
action#android.appwidget.action.APPWIDGET_UPDATE
ADDED from AndroidManifest.xml:426:17
	android:name
		ADDED from AndroidManifest.xml:426:25
meta-data#android.appwidget.provider
ADDED from AndroidManifest.xml:428:13
	android:resource
		ADDED from AndroidManifest.xml:430:17
	android:name
		ADDED from AndroidManifest.xml:429:17
activity#com.fsck.k9.activity.UnreadWidgetConfiguration
ADDED from AndroidManifest.xml:432:9
	android:name
		ADDED from AndroidManifest.xml:432:19
intent-filter#android.appwidget.action.APPWIDGET_CONFIGURE
ADDED from AndroidManifest.xml:433:13
action#android.appwidget.action.APPWIDGET_CONFIGURE
ADDED from AndroidManifest.xml:434:17
	android:name
		ADDED from AndroidManifest.xml:434:25
activity#com.fsck.k9.activity.UpgradeDatabases
ADDED from AndroidManifest.xml:437:9
	android:label
		ADDED from AndroidManifest.xml:439:13
	android:name
		ADDED from AndroidManifest.xml:438:13
service#com.fsck.k9.service.DatabaseUpgradeService
ADDED from AndroidManifest.xml:441:9
	android:exported
		ADDED from AndroidManifest.xml:443:13
	android:name
		ADDED from AndroidManifest.xml:442:13